<?xml version="1.0" encoding="UTF-8"?>
<!-- Generated by org.testng.reporters.JUnitReportReporter -->
<testsuite skipped="0" hostname="harshit" name="com.scripts.MavenActiTIME.TestFacebookSignUp" tests="1" failures="0" timestamp="27 May 2020 22:20:10 GMT" time="3.338" errors="0">
  <testcase name="signUp" time="3.338" classname="com.scripts.MavenActiTIME.TestFacebookSignUp"/>
</testsuite> <!-- com.scripts.MavenActiTIME.TestFacebookSignUp -->
