<?xml version="1.0" encoding="UTF-8"?>
<!-- Generated by org.testng.reporters.JUnitReportReporter -->
<testsuite skipped="0" hostname="harshit" name="com.scripts.MavenActiTIME.TestActitime" tests="4" failures="0" timestamp="27 May 2020 22:22:34 GMT" time="39.503" errors="0">
  <testcase name="login" time="1.522" classname="com.scripts.MavenActiTIME.TestActitime"/>
  <testcase name="createCustomer" time="11.267" classname="com.scripts.MavenActiTIME.TestActitime"/>
  <testcase name="createWork" time="14.176" classname="com.scripts.MavenActiTIME.TestActitime"/>
  <testcase name="createLeave" time="12.538" classname="com.scripts.MavenActiTIME.TestActitime"/>
</testsuite> <!-- com.scripts.MavenActiTIME.TestActitime -->
